<?xml version="1.0" encoding="UTF-8"?>
<!-- Generated by org.testng.reporters.JUnitReportReporter -->
<testsuite hostname="Shamanth" failures="0" tests="1" name="masudeokarwork.ExtendReports.ExtentReportDemo" time="7.035" errors="0" timestamp="2024-01-18T19:48:39 IST" skipped="0">
  <testcase classname="masudeokarwork.ExtendReports.ExtentReportDemo" name="initialDemo" time="7.035"/>
</testsuite> <!-- masudeokarwork.ExtendReports.ExtentReportDemo -->
