<?xml version="1.0" encoding="UTF-8"?>
<!-- Generated by org.testng.reporters.JUnitReportReporter -->
<testsuite hostname="Shamanth" failures="0" tests="1" name="masudeokarwork.ExtendReports.ExtentReportDemo" time="3.287" errors="0" timestamp="2024-01-25T07:03:38 IST" skipped="0">
  <testcase classname="masudeokarwork.ExtendReports.ExtentReportDemo" name="initialDemo" time="3.287"/>
</testsuite> <!-- masudeokarwork.ExtendReports.ExtentReportDemo -->
