<?xml version="1.0" encoding="UTF-8"?>
<!-- Generated by org.testng.reporters.JUnitReportReporter -->
<testsuite hostname="Shamanth" failures="0" tests="1" name="masudeokarwork.ExtendReports.ExtentReportDemo" time="7.952" errors="0" timestamp="2024-01-23T17:41:04 IST" skipped="0">
  <testcase classname="masudeokarwork.ExtendReports.ExtentReportDemo" name="initialDemo" time="7.952"/>
</testsuite> <!-- masudeokarwork.ExtendReports.ExtentReportDemo -->
